<?xml version="1.0" encoding="UTF-8"?>
<testsuite xmlns:xsi="http://www.w3.org/2001/XMLSchema-instance" xsi:noNamespaceSchemaLocation="https://maven.apache.org/surefire/maven-surefire-plugin/xsd/surefire-test-report.xsd" name="com.parkit.parkingsystem.integration.ParkingDataBaseIT" time="1.018" tests="1" errors="0" skipped="0" failures="0">
  <properties>
    <property name="gopherProxySet" value="false"/>
    <property name="awt.toolkit" value="sun.lwawt.macosx.LWCToolkit"/>
    <property name="file.encoding.pkg" value="sun.io"/>
    <property name="java.specification.version" value="1.8"/>
    <property name="sun.cpu.isalist" value=""/>
    <property name="sun.jnu.encoding" value="UTF-8"/>
    <property name="java.class.path" value="/Users/joffreyhernandez/Repository/openclassrooms/soutenances/parkingsystem/target/test-classes:/Users/joffreyhernandez/Repository/openclassrooms/soutenances/parkingsystem/target/classes:/Users/joffreyhernandez/.m2/repository/org/junit/jupiter/junit-jupiter/5.10.0/junit-jupiter-5.10.0.jar:/Users/joffreyhernandez/.m2/repository/org/junit/jupiter/junit-jupiter-api/5.10.0/junit-jupiter-api-5.10.0.jar:/Users/joffreyhernandez/.m2/repository/org/opentest4j/opentest4j/1.3.0/opentest4j-1.3.0.jar:/Users/joffreyhernandez/.m2/repository/org/junit/platform/junit-platform-commons/1.10.0/junit-platform-commons-1.10.0.jar:/Users/joffreyhernandez/.m2/repository/org/apiguardian/apiguardian-api/1.1.2/apiguardian-api-1.1.2.jar:/Users/joffreyhernandez/.m2/repository/org/junit/jupiter/junit-jupiter-params/5.10.0/junit-jupiter-params-5.10.0.jar:/Users/joffreyhernandez/.m2/repository/org/junit/jupiter/junit-jupiter-engine/5.10.0/junit-jupiter-engine-5.10.0.jar:/Users/joffreyhernandez/.m2/repository/org/junit/platform/junit-platform-engine/1.10.0/junit-platform-engine-1.10.0.jar:/Users/joffreyhernandez/.m2/repository/org/apache/logging/log4j/log4j-api/2.20.0/log4j-api-2.20.0.jar:/Users/joffreyhernandez/.m2/repository/org/apache/logging/log4j/log4j-core/2.20.0/log4j-core-2.20.0.jar:/Users/joffreyhernandez/.m2/repository/com/mysql/mysql-connector-j/8.0.33/mysql-connector-j-8.0.33.jar:/Users/joffreyhernandez/.m2/repository/com/google/protobuf/protobuf-java/3.21.9/protobuf-java-3.21.9.jar:/Users/joffreyhernandez/.m2/repository/org/mockito/mockito-junit-jupiter/2.23.4/mockito-junit-jupiter-2.23.4.jar:/Users/joffreyhernandez/.m2/repository/org/mockito/mockito-core/2.23.4/mockito-core-2.23.4.jar:/Users/joffreyhernandez/.m2/repository/net/bytebuddy/byte-buddy/1.9.3/byte-buddy-1.9.3.jar:/Users/joffreyhernandez/.m2/repository/net/bytebuddy/byte-buddy-agent/1.9.3/byte-buddy-agent-1.9.3.jar:/Users/joffreyhernandez/.m2/repository/org/objenesis/objenesis/2.6/objenesis-2.6.jar:/Users/joffreyhernandez/.m2/repository/org/jacoco/jacoco-maven-plugin/0.8.10/jacoco-maven-plugin-0.8.10.jar:/Users/joffreyhernandez/.m2/repository/org/codehaus/plexus/plexus-utils/3.0.24/plexus-utils-3.0.24.jar:/Users/joffreyhernandez/.m2/repository/org/apache/maven/shared/file-management/1.2.1/file-management-1.2.1.jar:/Users/joffreyhernandez/.m2/repository/org/codehaus/plexus/plexus-container-default/1.0-alpha-9/plexus-container-default-1.0-alpha-9.jar:/Users/joffreyhernandez/.m2/repository/junit/junit/3.8.1/junit-3.8.1.jar:/Users/joffreyhernandez/.m2/repository/classworlds/classworlds/1.1-alpha-2/classworlds-1.1-alpha-2.jar:/Users/joffreyhernandez/.m2/repository/org/apache/maven/reporting/maven-reporting-api/3.0/maven-reporting-api-3.0.jar:/Users/joffreyhernandez/.m2/repository/org/jacoco/org.jacoco.agent/0.8.10/org.jacoco.agent-0.8.10-runtime.jar:/Users/joffreyhernandez/.m2/repository/org/jacoco/org.jacoco.core/0.8.10/org.jacoco.core-0.8.10.jar:/Users/joffreyhernandez/.m2/repository/org/ow2/asm/asm/9.5/asm-9.5.jar:/Users/joffreyhernandez/.m2/repository/org/ow2/asm/asm-commons/9.5/asm-commons-9.5.jar:/Users/joffreyhernandez/.m2/repository/org/ow2/asm/asm-tree/9.5/asm-tree-9.5.jar:/Users/joffreyhernandez/.m2/repository/org/jacoco/org.jacoco.report/0.8.10/org.jacoco.report-0.8.10.jar:/Users/joffreyhernandez/.m2/repository/org/apache/maven/plugins/maven-assembly-plugin/3.3.0/maven-assembly-plugin-3.3.0.jar:/Users/joffreyhernandez/.m2/repository/org/apache/maven/maven-plugin-api/3.0/maven-plugin-api-3.0.jar:/Users/joffreyhernandez/.m2/repository/org/sonatype/sisu/sisu-inject-plexus/1.4.2/sisu-inject-plexus-1.4.2.jar:/Users/joffreyhernandez/.m2/repository/org/sonatype/sisu/sisu-inject-bean/1.4.2/sisu-inject-bean-1.4.2.jar:/Users/joffreyhernandez/.m2/repository/org/sonatype/sisu/sisu-guice/2.1.7/sisu-guice-2.1.7-noaop.jar:/Users/joffreyhernandez/.m2/repository/org/apache/maven/maven-core/3.0/maven-core-3.0.jar:/Users/joffreyhernandez/.m2/repository/org/apache/maven/maven-settings/3.0/maven-settings-3.0.jar:/Users/joffreyhernandez/.m2/repository/org/apache/maven/maven-settings-builder/3.0/maven-settings-builder-3.0.jar:/Users/joffreyhernandez/.m2/repository/org/apache/maven/maven-repository-metadata/3.0/maven-repository-metadata-3.0.jar:/Users/joffreyhernandez/.m2/repository/org/apache/maven/maven-model-builder/3.0/maven-model-builder-3.0.jar:/Users/joffreyhernandez/.m2/repository/org/apache/maven/maven-aether-provider/3.0/maven-aether-provider-3.0.jar:/Users/joffreyhernandez/.m2/repository/org/sonatype/aether/aether-impl/1.7/aether-impl-1.7.jar:/Users/joffreyhernandez/.m2/repository/org/sonatype/aether/aether-spi/1.7/aether-spi-1.7.jar:/Users/joffreyhernandez/.m2/repository/org/sonatype/aether/aether-api/1.7/aether-api-1.7.jar:/Users/joffreyhernandez/.m2/repository/org/sonatype/aether/aether-util/1.7/aether-util-1.7.jar:/Users/joffreyhernandez/.m2/repository/org/codehaus/plexus/plexus-classworlds/2.2.3/plexus-classworlds-2.2.3.jar:/Users/joffreyhernandez/.m2/repository/org/codehaus/plexus/plexus-component-annotations/1.5.5/plexus-component-annotations-1.5.5.jar:/Users/joffreyhernandez/.m2/repository/org/sonatype/plexus/plexus-sec-dispatcher/1.3/plexus-sec-dispatcher-1.3.jar:/Users/joffreyhernandez/.m2/repository/org/sonatype/plexus/plexus-cipher/1.4/plexus-cipher-1.4.jar:/Users/joffreyhernandez/.m2/repository/org/apache/maven/maven-artifact/3.0/maven-artifact-3.0.jar:/Users/joffreyhernandez/.m2/repository/org/apache/maven/maven-model/3.0/maven-model-3.0.jar:/Users/joffreyhernandez/.m2/repository/org/apache/maven/shared/maven-common-artifact-filters/3.1.0/maven-common-artifact-filters-3.1.0.jar:/Users/joffreyhernandez/.m2/repository/org/apache/maven/shared/maven-shared-utils/3.1.0/maven-shared-utils-3.1.0.jar:/Users/joffreyhernandez/.m2/repository/org/apache/maven/shared/maven-artifact-transfer/0.11.0/maven-artifact-transfer-0.11.0.jar:/Users/joffreyhernandez/.m2/repository/org/codehaus/plexus/plexus-interpolation/1.25/plexus-interpolation-1.25.jar:/Users/joffreyhernandez/.m2/repository/org/codehaus/plexus/plexus-archiver/4.2.1/plexus-archiver-4.2.1.jar:/Users/joffreyhernandez/.m2/repository/org/apache/commons/commons-compress/1.19/commons-compress-1.19.jar:/Users/joffreyhernandez/.m2/repository/org/iq80/snappy/snappy/0.4/snappy-0.4.jar:/Users/joffreyhernandez/.m2/repository/org/tukaani/xz/1.8/xz-1.8.jar:/Users/joffreyhernandez/.m2/repository/org/apache/maven/shared/maven-shared-io/3.0.0/maven-shared-io-3.0.0.jar:/Users/joffreyhernandez/.m2/repository/org/apache/maven/maven-compat/3.0/maven-compat-3.0.jar:/Users/joffreyhernandez/.m2/repository/org/apache/maven/wagon/wagon-provider-api/2.10/wagon-provider-api-2.10.jar:/Users/joffreyhernandez/.m2/repository/commons-io/commons-io/2.5/commons-io-2.5.jar:/Users/joffreyhernandez/.m2/repository/org/apache/maven/shared/maven-filtering/3.1.1/maven-filtering-3.1.1.jar:/Users/joffreyhernandez/.m2/repository/org/sonatype/plexus/plexus-build-api/0.0.7/plexus-build-api-0.0.7.jar:/Users/joffreyhernandez/.m2/repository/org/codehaus/plexus/plexus-io/3.2.0/plexus-io-3.2.0.jar:/Users/joffreyhernandez/.m2/repository/org/apache/maven/maven-archiver/3.5.0/maven-archiver-3.5.0.jar:/Users/joffreyhernandez/.m2/repository/commons-codec/commons-codec/1.6/commons-codec-1.6.jar:/Users/joffreyhernandez/.m2/repository/org/apache/maven/doxia/doxia-site-renderer/2.0.0-M12/doxia-site-renderer-2.0.0-M12.jar:/Users/joffreyhernandez/.m2/repository/org/slf4j/slf4j-api/1.7.36/slf4j-api-1.7.36.jar:/Users/joffreyhernandez/.m2/repository/javax/inject/javax.inject/1/javax.inject-1.jar:/Users/joffreyhernandez/.m2/repository/org/apache/maven/doxia/doxia-core/2.0.0-M7/doxia-core-2.0.0-M7.jar:/Users/joffreyhernandez/.m2/repository/org/apache/commons/commons-text/1.10.0/commons-text-1.10.0.jar:/Users/joffreyhernandez/.m2/repository/org/apache/maven/doxia/doxia-sink-api/2.0.0-M7/doxia-sink-api-2.0.0-M7.jar:/Users/joffreyhernandez/.m2/repository/org/apache/maven/doxia/doxia-site-model/2.0.0-M12/doxia-site-model-2.0.0-M12.jar:/Users/joffreyhernandez/.m2/repository/org/apache/maven/doxia/doxia-skin-model/2.0.0-M12/doxia-skin-model-2.0.0-M12.jar:/Users/joffreyhernandez/.m2/repository/org/apache/maven/doxia/doxia-module-xhtml5/2.0.0-M7/doxia-module-xhtml5-2.0.0-M7.jar:/Users/joffreyhernandez/.m2/repository/org/eclipse/sisu/org.eclipse.sisu.plexus/0.9.0.M2/org.eclipse.sisu.plexus-0.9.0.M2.jar:/Users/joffreyhernandez/.m2/repository/javax/annotation/javax.annotation-api/1.2/javax.annotation-api-1.2.jar:/Users/joffreyhernandez/.m2/repository/javax/enterprise/cdi-api/1.2/cdi-api-1.2.jar:/Users/joffreyhernandez/.m2/repository/org/eclipse/sisu/org.eclipse.sisu.inject/0.9.0.M2/org.eclipse.sisu.inject-0.9.0.M2.jar:/Users/joffreyhernandez/.m2/repository/org/codehaus/plexus/plexus-velocity/2.0/plexus-velocity-2.0.jar:/Users/joffreyhernandez/.m2/repository/org/apache/velocity/velocity-engine-core/2.3/velocity-engine-core-2.3.jar:/Users/joffreyhernandez/.m2/repository/org/apache/velocity/tools/velocity-tools-generic/3.1/velocity-tools-generic-3.1.jar:/Users/joffreyhernandez/.m2/repository/commons-beanutils/commons-beanutils/1.9.4/commons-beanutils-1.9.4.jar:/Users/joffreyhernandez/.m2/repository/commons-logging/commons-logging/1.2/commons-logging-1.2.jar:/Users/joffreyhernandez/.m2/repository/commons-collections/commons-collections/3.2.2/commons-collections-3.2.2.jar:/Users/joffreyhernandez/.m2/repository/org/apache/commons/commons-digester3/3.2/commons-digester3-3.2.jar:/Users/joffreyhernandez/.m2/repository/com/github/cliftonlabs/json-simple/3.0.2/json-simple-3.0.2.jar:/Users/joffreyhernandez/.m2/repository/org/apache/commons/commons-lang3/3.12.0/commons-lang3-3.12.0.jar:"/>
    <property name="java.vm.vendor" value="Amazon.com Inc."/>
    <property name="sun.arch.data.model" value="64"/>
    <property name="java.vendor.url" value="https://aws.amazon.com/corretto/"/>
    <property name="user.timezone" value=""/>
    <property name="java.vm.specification.version" value="1.8"/>
    <property name="os.name" value="Mac OS X"/>
    <property name="user.country" value="FR"/>
    <property name="sun.java.launcher" value="SUN_STANDARD"/>
    <property name="sun.boot.library.path" value="/Users/joffreyhernandez/.sdkman/candidates/java/8.0.392-amzn/jre/lib"/>
    <property name="sun.java.command" value="/Users/joffreyhernandez/Repository/openclassrooms/soutenances/parkingsystem/target/surefire/surefirebooter3722894476182807866.jar /Users/joffreyhernandez/Repository/openclassrooms/soutenances/parkingsystem/target/surefire 2023-11-16T10-23-32_441-jvmRun1 surefire1067491282687097704tmp surefire_13398078471588009841tmp"/>
    <property name="http.nonProxyHosts" value="local|*.local|169.254/16|*.169.254/16"/>
    <property name="surefire.test.class.path" value="/Users/joffreyhernandez/Repository/openclassrooms/soutenances/parkingsystem/target/test-classes:/Users/joffreyhernandez/Repository/openclassrooms/soutenances/parkingsystem/target/classes:/Users/joffreyhernandez/.m2/repository/org/junit/jupiter/junit-jupiter/5.10.0/junit-jupiter-5.10.0.jar:/Users/joffreyhernandez/.m2/repository/org/junit/jupiter/junit-jupiter-api/5.10.0/junit-jupiter-api-5.10.0.jar:/Users/joffreyhernandez/.m2/repository/org/opentest4j/opentest4j/1.3.0/opentest4j-1.3.0.jar:/Users/joffreyhernandez/.m2/repository/org/junit/platform/junit-platform-commons/1.10.0/junit-platform-commons-1.10.0.jar:/Users/joffreyhernandez/.m2/repository/org/apiguardian/apiguardian-api/1.1.2/apiguardian-api-1.1.2.jar:/Users/joffreyhernandez/.m2/repository/org/junit/jupiter/junit-jupiter-params/5.10.0/junit-jupiter-params-5.10.0.jar:/Users/joffreyhernandez/.m2/repository/org/junit/jupiter/junit-jupiter-engine/5.10.0/junit-jupiter-engine-5.10.0.jar:/Users/joffreyhernandez/.m2/repository/org/junit/platform/junit-platform-engine/1.10.0/junit-platform-engine-1.10.0.jar:/Users/joffreyhernandez/.m2/repository/org/apache/logging/log4j/log4j-api/2.20.0/log4j-api-2.20.0.jar:/Users/joffreyhernandez/.m2/repository/org/apache/logging/log4j/log4j-core/2.20.0/log4j-core-2.20.0.jar:/Users/joffreyhernandez/.m2/repository/com/mysql/mysql-connector-j/8.0.33/mysql-connector-j-8.0.33.jar:/Users/joffreyhernandez/.m2/repository/com/google/protobuf/protobuf-java/3.21.9/protobuf-java-3.21.9.jar:/Users/joffreyhernandez/.m2/repository/org/mockito/mockito-junit-jupiter/2.23.4/mockito-junit-jupiter-2.23.4.jar:/Users/joffreyhernandez/.m2/repository/org/mockito/mockito-core/2.23.4/mockito-core-2.23.4.jar:/Users/joffreyhernandez/.m2/repository/net/bytebuddy/byte-buddy/1.9.3/byte-buddy-1.9.3.jar:/Users/joffreyhernandez/.m2/repository/net/bytebuddy/byte-buddy-agent/1.9.3/byte-buddy-agent-1.9.3.jar:/Users/joffreyhernandez/.m2/repository/org/objenesis/objenesis/2.6/objenesis-2.6.jar:/Users/joffreyhernandez/.m2/repository/org/jacoco/jacoco-maven-plugin/0.8.10/jacoco-maven-plugin-0.8.10.jar:/Users/joffreyhernandez/.m2/repository/org/codehaus/plexus/plexus-utils/3.0.24/plexus-utils-3.0.24.jar:/Users/joffreyhernandez/.m2/repository/org/apache/maven/shared/file-management/1.2.1/file-management-1.2.1.jar:/Users/joffreyhernandez/.m2/repository/org/codehaus/plexus/plexus-container-default/1.0-alpha-9/plexus-container-default-1.0-alpha-9.jar:/Users/joffreyhernandez/.m2/repository/junit/junit/3.8.1/junit-3.8.1.jar:/Users/joffreyhernandez/.m2/repository/classworlds/classworlds/1.1-alpha-2/classworlds-1.1-alpha-2.jar:/Users/joffreyhernandez/.m2/repository/org/apache/maven/reporting/maven-reporting-api/3.0/maven-reporting-api-3.0.jar:/Users/joffreyhernandez/.m2/repository/org/jacoco/org.jacoco.agent/0.8.10/org.jacoco.agent-0.8.10-runtime.jar:/Users/joffreyhernandez/.m2/repository/org/jacoco/org.jacoco.core/0.8.10/org.jacoco.core-0.8.10.jar:/Users/joffreyhernandez/.m2/repository/org/ow2/asm/asm/9.5/asm-9.5.jar:/Users/joffreyhernandez/.m2/repository/org/ow2/asm/asm-commons/9.5/asm-commons-9.5.jar:/Users/joffreyhernandez/.m2/repository/org/ow2/asm/asm-tree/9.5/asm-tree-9.5.jar:/Users/joffreyhernandez/.m2/repository/org/jacoco/org.jacoco.report/0.8.10/org.jacoco.report-0.8.10.jar:/Users/joffreyhernandez/.m2/repository/org/apache/maven/plugins/maven-assembly-plugin/3.3.0/maven-assembly-plugin-3.3.0.jar:/Users/joffreyhernandez/.m2/repository/org/apache/maven/maven-plugin-api/3.0/maven-plugin-api-3.0.jar:/Users/joffreyhernandez/.m2/repository/org/sonatype/sisu/sisu-inject-plexus/1.4.2/sisu-inject-plexus-1.4.2.jar:/Users/joffreyhernandez/.m2/repository/org/sonatype/sisu/sisu-inject-bean/1.4.2/sisu-inject-bean-1.4.2.jar:/Users/joffreyhernandez/.m2/repository/org/sonatype/sisu/sisu-guice/2.1.7/sisu-guice-2.1.7-noaop.jar:/Users/joffreyhernandez/.m2/repository/org/apache/maven/maven-core/3.0/maven-core-3.0.jar:/Users/joffreyhernandez/.m2/repository/org/apache/maven/maven-settings/3.0/maven-settings-3.0.jar:/Users/joffreyhernandez/.m2/repository/org/apache/maven/maven-settings-builder/3.0/maven-settings-builder-3.0.jar:/Users/joffreyhernandez/.m2/repository/org/apache/maven/maven-repository-metadata/3.0/maven-repository-metadata-3.0.jar:/Users/joffreyhernandez/.m2/repository/org/apache/maven/maven-model-builder/3.0/maven-model-builder-3.0.jar:/Users/joffreyhernandez/.m2/repository/org/apache/maven/maven-aether-provider/3.0/maven-aether-provider-3.0.jar:/Users/joffreyhernandez/.m2/repository/org/sonatype/aether/aether-impl/1.7/aether-impl-1.7.jar:/Users/joffreyhernandez/.m2/repository/org/sonatype/aether/aether-spi/1.7/aether-spi-1.7.jar:/Users/joffreyhernandez/.m2/repository/org/sonatype/aether/aether-api/1.7/aether-api-1.7.jar:/Users/joffreyhernandez/.m2/repository/org/sonatype/aether/aether-util/1.7/aether-util-1.7.jar:/Users/joffreyhernandez/.m2/repository/org/codehaus/plexus/plexus-classworlds/2.2.3/plexus-classworlds-2.2.3.jar:/Users/joffreyhernandez/.m2/repository/org/codehaus/plexus/plexus-component-annotations/1.5.5/plexus-component-annotations-1.5.5.jar:/Users/joffreyhernandez/.m2/repository/org/sonatype/plexus/plexus-sec-dispatcher/1.3/plexus-sec-dispatcher-1.3.jar:/Users/joffreyhernandez/.m2/repository/org/sonatype/plexus/plexus-cipher/1.4/plexus-cipher-1.4.jar:/Users/joffreyhernandez/.m2/repository/org/apache/maven/maven-artifact/3.0/maven-artifact-3.0.jar:/Users/joffreyhernandez/.m2/repository/org/apache/maven/maven-model/3.0/maven-model-3.0.jar:/Users/joffreyhernandez/.m2/repository/org/apache/maven/shared/maven-common-artifact-filters/3.1.0/maven-common-artifact-filters-3.1.0.jar:/Users/joffreyhernandez/.m2/repository/org/apache/maven/shared/maven-shared-utils/3.1.0/maven-shared-utils-3.1.0.jar:/Users/joffreyhernandez/.m2/repository/org/apache/maven/shared/maven-artifact-transfer/0.11.0/maven-artifact-transfer-0.11.0.jar:/Users/joffreyhernandez/.m2/repository/org/codehaus/plexus/plexus-interpolation/1.25/plexus-interpolation-1.25.jar:/Users/joffreyhernandez/.m2/repository/org/codehaus/plexus/plexus-archiver/4.2.1/plexus-archiver-4.2.1.jar:/Users/joffreyhernandez/.m2/repository/org/apache/commons/commons-compress/1.19/commons-compress-1.19.jar:/Users/joffreyhernandez/.m2/repository/org/iq80/snappy/snappy/0.4/snappy-0.4.jar:/Users/joffreyhernandez/.m2/repository/org/tukaani/xz/1.8/xz-1.8.jar:/Users/joffreyhernandez/.m2/repository/org/apache/maven/shared/maven-shared-io/3.0.0/maven-shared-io-3.0.0.jar:/Users/joffreyhernandez/.m2/repository/org/apache/maven/maven-compat/3.0/maven-compat-3.0.jar:/Users/joffreyhernandez/.m2/repository/org/apache/maven/wagon/wagon-provider-api/2.10/wagon-provider-api-2.10.jar:/Users/joffreyhernandez/.m2/repository/commons-io/commons-io/2.5/commons-io-2.5.jar:/Users/joffreyhernandez/.m2/repository/org/apache/maven/shared/maven-filtering/3.1.1/maven-filtering-3.1.1.jar:/Users/joffreyhernandez/.m2/repository/org/sonatype/plexus/plexus-build-api/0.0.7/plexus-build-api-0.0.7.jar:/Users/joffreyhernandez/.m2/repository/org/codehaus/plexus/plexus-io/3.2.0/plexus-io-3.2.0.jar:/Users/joffreyhernandez/.m2/repository/org/apache/maven/maven-archiver/3.5.0/maven-archiver-3.5.0.jar:/Users/joffreyhernandez/.m2/repository/commons-codec/commons-codec/1.6/commons-codec-1.6.jar:/Users/joffreyhernandez/.m2/repository/org/apache/maven/doxia/doxia-site-renderer/2.0.0-M12/doxia-site-renderer-2.0.0-M12.jar:/Users/joffreyhernandez/.m2/repository/org/slf4j/slf4j-api/1.7.36/slf4j-api-1.7.36.jar:/Users/joffreyhernandez/.m2/repository/javax/inject/javax.inject/1/javax.inject-1.jar:/Users/joffreyhernandez/.m2/repository/org/apache/maven/doxia/doxia-core/2.0.0-M7/doxia-core-2.0.0-M7.jar:/Users/joffreyhernandez/.m2/repository/org/apache/commons/commons-text/1.10.0/commons-text-1.10.0.jar:/Users/joffreyhernandez/.m2/repository/org/apache/maven/doxia/doxia-sink-api/2.0.0-M7/doxia-sink-api-2.0.0-M7.jar:/Users/joffreyhernandez/.m2/repository/org/apache/maven/doxia/doxia-site-model/2.0.0-M12/doxia-site-model-2.0.0-M12.jar:/Users/joffreyhernandez/.m2/repository/org/apache/maven/doxia/doxia-skin-model/2.0.0-M12/doxia-skin-model-2.0.0-M12.jar:/Users/joffreyhernandez/.m2/repository/org/apache/maven/doxia/doxia-module-xhtml5/2.0.0-M7/doxia-module-xhtml5-2.0.0-M7.jar:/Users/joffreyhernandez/.m2/repository/org/eclipse/sisu/org.eclipse.sisu.plexus/0.9.0.M2/org.eclipse.sisu.plexus-0.9.0.M2.jar:/Users/joffreyhernandez/.m2/repository/javax/annotation/javax.annotation-api/1.2/javax.annotation-api-1.2.jar:/Users/joffreyhernandez/.m2/repository/javax/enterprise/cdi-api/1.2/cdi-api-1.2.jar:/Users/joffreyhernandez/.m2/repository/org/eclipse/sisu/org.eclipse.sisu.inject/0.9.0.M2/org.eclipse.sisu.inject-0.9.0.M2.jar:/Users/joffreyhernandez/.m2/repository/org/codehaus/plexus/plexus-velocity/2.0/plexus-velocity-2.0.jar:/Users/joffreyhernandez/.m2/repository/org/apache/velocity/velocity-engine-core/2.3/velocity-engine-core-2.3.jar:/Users/joffreyhernandez/.m2/repository/org/apache/velocity/tools/velocity-tools-generic/3.1/velocity-tools-generic-3.1.jar:/Users/joffreyhernandez/.m2/repository/commons-beanutils/commons-beanutils/1.9.4/commons-beanutils-1.9.4.jar:/Users/joffreyhernandez/.m2/repository/commons-logging/commons-logging/1.2/commons-logging-1.2.jar:/Users/joffreyhernandez/.m2/repository/commons-collections/commons-collections/3.2.2/commons-collections-3.2.2.jar:/Users/joffreyhernandez/.m2/repository/org/apache/commons/commons-digester3/3.2/commons-digester3-3.2.jar:/Users/joffreyhernandez/.m2/repository/com/github/cliftonlabs/json-simple/3.0.2/json-simple-3.0.2.jar:/Users/joffreyhernandez/.m2/repository/org/apache/commons/commons-lang3/3.12.0/commons-lang3-3.12.0.jar:"/>
    <property name="sun.cpu.endian" value="little"/>
    <property name="user.home" value="/Users/joffreyhernandez"/>
    <property name="user.language" value="fr"/>
    <property name="java.specification.vendor" value="Oracle Corporation"/>
    <property name="java.home" value="/Users/joffreyhernandez/.sdkman/candidates/java/8.0.392-amzn/jre"/>
    <property name="basedir" value="/Users/joffreyhernandez/Repository/openclassrooms/soutenances/parkingsystem"/>
    <property name="file.separator" value="/"/>
    <property name="line.separator" value="&#10;"/>
    <property name="java.vm.specification.vendor" value="Oracle Corporation"/>
    <property name="java.specification.name" value="Java Platform API Specification"/>
    <property name="java.awt.graphicsenv" value="sun.awt.CGraphicsEnvironment"/>
    <property name="surefire.real.class.path" value="/Users/joffreyhernandez/Repository/openclassrooms/soutenances/parkingsystem/target/surefire/surefirebooter3722894476182807866.jar:/Users/joffreyhernandez/.m2/repository/org/jacoco/org.jacoco.agent/0.8.8/org.jacoco.agent-0.8.8-runtime.jar"/>
    <property name="sun.boot.class.path" value="/Users/joffreyhernandez/.sdkman/candidates/java/8.0.392-amzn/jre/lib/resources.jar:/Users/joffreyhernandez/.sdkman/candidates/java/8.0.392-amzn/jre/lib/rt.jar:/Users/joffreyhernandez/.sdkman/candidates/java/8.0.392-amzn/jre/lib/sunrsasign.jar:/Users/joffreyhernandez/.sdkman/candidates/java/8.0.392-amzn/jre/lib/jsse.jar:/Users/joffreyhernandez/.sdkman/candidates/java/8.0.392-amzn/jre/lib/jce.jar:/Users/joffreyhernandez/.sdkman/candidates/java/8.0.392-amzn/jre/lib/charsets.jar:/Users/joffreyhernandez/.sdkman/candidates/java/8.0.392-amzn/jre/lib/jfr.jar:/Users/joffreyhernandez/.sdkman/candidates/java/8.0.392-amzn/jre/classes"/>
    <property name="sun.management.compiler" value="HotSpot 64-Bit Tiered Compilers"/>
    <property name="ftp.nonProxyHosts" value="local|*.local|169.254/16|*.169.254/16"/>
    <property name="java.runtime.version" value="1.8.0_392-b08"/>
    <property name="user.name" value="joffreyhernandez"/>
    <property name="path.separator" value=":"/>
    <property name="os.version" value="14.1.1"/>
    <property name="java.endorsed.dirs" value="/Users/joffreyhernandez/.sdkman/candidates/java/8.0.392-amzn/jre/lib/endorsed"/>
    <property name="java.runtime.name" value="OpenJDK Runtime Environment"/>
    <property name="file.encoding" value="UTF-8"/>
    <property name="java.vm.name" value="OpenJDK 64-Bit Server VM"/>
    <property name="localRepository" value="/Users/joffreyhernandez/.m2/repository"/>
    <property name="java.vendor.url.bug" value="https://github.com/corretto/corretto-8/issues/"/>
    <property name="java.io.tmpdir" value="/var/folders/qb/70l6zc4d4wl480q9ybq0cgtm0000gn/T/"/>
    <property name="java.version" value="1.8.0_392"/>
    <property name="user.dir" value="/Users/joffreyhernandez/Repository/openclassrooms/soutenances/parkingsystem"/>
    <property name="os.arch" value="aarch64"/>
    <property name="java.vm.specification.name" value="Java Virtual Machine Specification"/>
    <property name="java.awt.printerjob" value="sun.lwawt.macosx.CPrinterJob"/>
    <property name="sun.os.patch.level" value="unknown"/>
    <property name="java.library.path" value="/Users/joffreyhernandez/Library/Java/Extensions:/Library/Java/Extensions:/Network/Library/Java/Extensions:/System/Library/Java/Extensions:/usr/lib/java:."/>
    <property name="java.vm.info" value="mixed mode"/>
    <property name="java.vendor" value="Amazon.com Inc."/>
    <property name="java.vm.version" value="25.392-b08"/>
    <property name="java.specification.maintenance.version" value="5"/>
    <property name="java.ext.dirs" value="/Users/joffreyhernandez/Library/Java/Extensions:/Users/joffreyhernandez/.sdkman/candidates/java/8.0.392-amzn/jre/lib/ext:/Library/Java/Extensions:/Network/Library/Java/Extensions:/System/Library/Java/Extensions:/usr/lib/java"/>
    <property name="sun.io.unicode.encoding" value="UnicodeBig"/>
    <property name="java.class.version" value="52.0"/>
    <property name="socksNonProxyHosts" value="local|*.local|169.254/16|*.169.254/16"/>
  </properties>
  <testcase name="testParkingACar" classname="com.parkit.parkingsystem.integration.ParkingDataBaseIT" time="0.761"/>
</testsuite>